<?xml version="1.0" encoding="UTF-8"?>
<coverage generated="1744494199834" clover="3.2.0">
  <project timestamp="1744494199834" name="All files">
    <metrics statements="3" coveredstatements="3" conditionals="0" coveredconditionals="0" methods="1" coveredmethods="1" elements="4" coveredelements="4" complexity="0" loc="3" ncloc="3" packages="1" files="1" classes="1"/>
    <file name="Button.tsx" path="C:\Users\Usuario\Documents\Dev\Sofi\Ejemplo GH Actions\M6E3\src\components\Button\Button.tsx">
      <metrics statements="3" coveredstatements="3" conditionals="0" coveredconditionals="0" methods="1" coveredmethods="1"/>
      <line num="1" count="1" type="stmt"/>
      <line num="8" count="1" type="stmt"/>
      <line num="9" count="2" type="stmt"/>
    </file>
  </project>
</coverage>
