{"C:\\Users\\Usuario\\Documents\\Dev\\Sofi\\Ejemplo GH Actions\\M6E3\\src\\components\\Button\\Button.tsx": {"path":"C:\\Users\\Usuario\\Documents\\Dev\\Sofi\\Ejemplo GH Actions\\M6E3\\src\\components\\Button\\Button.tsx","statementMap":{"0":{"start":{"line":1,"column":0},"end":{"line":1,"column":26}},"1":{"start":{"line":8,"column":22},"end":{"line":11,"column":null}},"2":{"start":{"line":9,"column":2},"end":{"line":10,"column":null}},"3":{"start":{"line":8,"column":13},"end":{"line":8,"column":22}}},"fnMap":{"0":{"name":"(anonymous_1)","decl":{"start":{"line":8,"column":22},"end":{"line":8,"column":23}},"loc":{"start":{"line":9,"column":2},"end":{"line":10,"column":null}}}},"branchMap":{},"s":{"0":1,"1":1,"2":2,"3":1},"f":{"0":2},"b":{}}
}
